<?xml version="1.0" encoding="UTF-8"?>
<coverage generated="1562562076530" clover="3.2.0">
  <project timestamp="1562562076531" name="All files">
    <metrics statements="27" coveredstatements="21" conditionals="14" coveredconditionals="7" methods="11" coveredmethods="6" elements="52" coveredelements="34" complexity="0" loc="27" ncloc="27" packages="2" files="2" classes="2"/>
    <package name="models">
      <metrics statements="23" coveredstatements="17" conditionals="14" coveredconditionals="7" methods="10" coveredmethods="5"/>
      <file name="memory.js" path="/mnt/c/Users/mackoy/codefellows/401n13/labs/lab-04-data-modeling/models/memory.js">
        <metrics statements="23" coveredstatements="17" conditionals="14" coveredconditionals="7" methods="10" coveredmethods="5"/>
        <line num="3" count="1" type="stmt"/>
        <line num="8" count="3" type="stmt"/>
        <line num="12" count="1" type="cond" truecount="1" falsecount="1"/>
        <line num="13" count="1" type="stmt"/>
        <line num="17" count="2" type="stmt"/>
        <line num="18" count="2" type="stmt"/>
        <line num="19" count="2" type="cond" truecount="1" falsecount="1"/>
        <line num="20" count="2" type="stmt"/>
        <line num="24" count="0" type="stmt"/>
        <line num="25" count="0" type="cond" truecount="0" falsecount="4"/>
        <line num="26" count="0" type="stmt"/>
        <line num="30" count="0" type="stmt"/>
        <line num="31" count="0" type="stmt"/>
        <line num="36" count="3" type="stmt"/>
        <line num="37" count="3" type="stmt"/>
        <line num="39" count="3" type="stmt"/>
        <line num="40" count="6" type="cond" truecount="1" falsecount="1"/>
        <line num="41" count="6" type="cond" truecount="2" falsecount="0"/>
        <line num="42" count="4" type="stmt"/>
        <line num="44" count="2" type="stmt"/>
        <line num="48" count="0" type="stmt"/>
        <line num="52" count="3" type="cond" truecount="2" falsecount="0"/>
        <line num="57" count="1" type="stmt"/>
      </file>
    </package>
    <package name="models.categories">
      <metrics statements="4" coveredstatements="4" conditionals="0" coveredconditionals="0" methods="1" coveredmethods="1"/>
      <file name="categories.js" path="/mnt/c/Users/mackoy/codefellows/401n13/labs/lab-04-data-modeling/models/categories/categories.js">
        <metrics statements="4" coveredstatements="4" conditionals="0" coveredconditionals="0" methods="1" coveredmethods="1"/>
        <line num="3" count="1" type="stmt"/>
        <line num="7" count="3" type="stmt"/>
        <line num="8" count="3" type="stmt"/>
        <line num="15" count="1" type="stmt"/>
      </file>
    </package>
  </project>
</coverage>
