<?xml version="1.0" encoding="UTF-8"?>
<coverage generated="1564690427643" clover="3.2.0">
  <project timestamp="1564690427643" name="All files">
    <metrics statements="35" coveredstatements="35" conditionals="14" coveredconditionals="11" methods="13" coveredmethods="13" elements="62" coveredelements="59" complexity="0" loc="35" ncloc="35" packages="4" files="4" classes="4"/>
    <package name="models">
      <metrics statements="23" coveredstatements="23" conditionals="14" coveredconditionals="11" methods="10" coveredmethods="10"/>
      <file name="memory.js" path="/mnt/c/Users/mackoy/codefellows/401n13/labs/lab-04-data-modeling/models/memory.js">
        <metrics statements="23" coveredstatements="23" conditionals="14" coveredconditionals="11" methods="10" coveredmethods="10"/>
        <line num="3" count="3" type="stmt"/>
        <line num="8" count="15" type="stmt"/>
        <line num="12" count="7" type="cond" truecount="2" falsecount="0"/>
        <line num="13" count="7" type="stmt"/>
        <line num="17" count="12" type="stmt"/>
        <line num="18" count="12" type="stmt"/>
        <line num="19" count="12" type="cond" truecount="1" falsecount="1"/>
        <line num="20" count="12" type="stmt"/>
        <line num="24" count="3" type="stmt"/>
        <line num="25" count="3" type="cond" truecount="2" falsecount="2"/>
        <line num="26" count="3" type="stmt"/>
        <line num="30" count="3" type="stmt"/>
        <line num="31" count="3" type="stmt"/>
        <line num="36" count="18" type="stmt"/>
        <line num="37" count="18" type="stmt"/>
        <line num="39" count="18" type="stmt"/>
        <line num="40" count="72" type="cond" truecount="2" falsecount="0"/>
        <line num="41" count="30" type="cond" truecount="2" falsecount="0"/>
        <line num="42" count="25" type="stmt"/>
        <line num="44" count="5" type="stmt"/>
        <line num="48" count="42" type="stmt"/>
        <line num="52" count="18" type="cond" truecount="2" falsecount="0"/>
        <line num="57" count="3" type="stmt"/>
      </file>
    </package>
    <package name="models.categories">
      <metrics statements="4" coveredstatements="4" conditionals="0" coveredconditionals="0" methods="1" coveredmethods="1"/>
      <file name="categories.js" path="/mnt/c/Users/mackoy/codefellows/401n13/labs/lab-04-data-modeling/models/categories/categories.js">
        <metrics statements="4" coveredstatements="4" conditionals="0" coveredconditionals="0" methods="1" coveredmethods="1"/>
        <line num="3" count="1" type="stmt"/>
        <line num="7" count="5" type="stmt"/>
        <line num="8" count="5" type="stmt"/>
        <line num="15" count="1" type="stmt"/>
      </file>
    </package>
    <package name="models.person">
      <metrics statements="4" coveredstatements="4" conditionals="0" coveredconditionals="0" methods="1" coveredmethods="1"/>
      <file name="person.js" path="/mnt/c/Users/mackoy/codefellows/401n13/labs/lab-04-data-modeling/models/person/person.js">
        <metrics statements="4" coveredstatements="4" conditionals="0" coveredconditionals="0" methods="1" coveredmethods="1"/>
        <line num="3" count="1" type="stmt"/>
        <line num="7" count="5" type="stmt"/>
        <line num="8" count="5" type="stmt"/>
        <line num="17" count="1" type="stmt"/>
      </file>
    </package>
    <package name="models.products">
      <metrics statements="4" coveredstatements="4" conditionals="0" coveredconditionals="0" methods="1" coveredmethods="1"/>
      <file name="products.js" path="/mnt/c/Users/mackoy/codefellows/401n13/labs/lab-04-data-modeling/models/products/products.js">
        <metrics statements="4" coveredstatements="4" conditionals="0" coveredconditionals="0" methods="1" coveredmethods="1"/>
        <line num="3" count="1" type="stmt"/>
        <line num="7" count="5" type="stmt"/>
        <line num="8" count="5" type="stmt"/>
        <line num="19" count="1" type="stmt"/>
      </file>
    </package>
  </project>
</coverage>
