{"/mnt/c/Users/mackoy/codefellows/401n13/labs/lab-04-data-modeling/models/memory.js": {"path":"/mnt/c/Users/mackoy/codefellows/401n13/labs/lab-04-data-modeling/models/memory.js","statementMap":{"0":{"start":{"line":3,"column":13},"end":{"line":3,"column":31}},"1":{"start":{"line":8,"column":4},"end":{"line":8,"column":23}},"2":{"start":{"line":12,"column":19},"end":{"line":12,"column":90}},"3":{"start":{"line":12,"column":57},"end":{"line":12,"column":73}},"4":{"start":{"line":13,"column":4},"end":{"line":13,"column":37}},"5":{"start":{"line":17,"column":4},"end":{"line":17,"column":22}},"6":{"start":{"line":18,"column":17},"end":{"line":18,"column":37}},"7":{"start":{"line":19,"column":4},"end":{"line":19,"column":50}},"8":{"start":{"line":19,"column":21},"end":{"line":19,"column":48}},"9":{"start":{"line":20,"column":4},"end":{"line":20,"column":35}},"10":{"start":{"line":24,"column":17},"end":{"line":24,"column":37}},"11":{"start":{"line":25,"column":4},"end":{"line":25,"column":101}},"12":{"start":{"line":25,"column":21},"end":{"line":25,"column":99}},"13":{"start":{"line":25,"column":65},"end":{"line":25,"column":97}},"14":{"start":{"line":26,"column":4},"end":{"line":26,"column":35}},"15":{"start":{"line":30,"column":4},"end":{"line":30,"column":71}},"16":{"start":{"line":30,"column":53},"end":{"line":30,"column":69}},"17":{"start":{"line":31,"column":4},"end":{"line":31,"column":29}},"18":{"start":{"line":36,"column":16},"end":{"line":36,"column":20}},"19":{"start":{"line":37,"column":17},"end":{"line":37,"column":19}},"20":{"start":{"line":39,"column":4},"end":{"line":50,"column":7}},"21":{"start":{"line":40,"column":6},"end":{"line":49,"column":7}},"22":{"start":{"line":41,"column":8},"end":{"line":45,"column":9}},"23":{"start":{"line":42,"column":10},"end":{"line":42,"column":39}},"24":{"start":{"line":44,"column":10},"end":{"line":44,"column":24}},"25":{"start":{"line":48,"column":8},"end":{"line":48,"column":37}},"26":{"start":{"line":52,"column":4},"end":{"line":52,"column":38}},"27":{"start":{"line":57,"column":0},"end":{"line":57,"column":23}}},"fnMap":{"0":{"name":"(anonymous_0)","decl":{"start":{"line":7,"column":2},"end":{"line":7,"column":3}},"loc":{"start":{"line":7,"column":16},"end":{"line":9,"column":3}},"line":7},"1":{"name":"(anonymous_1)","decl":{"start":{"line":11,"column":2},"end":{"line":11,"column":3}},"loc":{"start":{"line":11,"column":10},"end":{"line":14,"column":3}},"line":11},"2":{"name":"(anonymous_2)","decl":{"start":{"line":12,"column":45},"end":{"line":12,"column":46}},"loc":{"start":{"line":12,"column":57},"end":{"line":12,"column":73}},"line":12},"3":{"name":"(anonymous_3)","decl":{"start":{"line":16,"column":2},"end":{"line":16,"column":3}},"loc":{"start":{"line":16,"column":16},"end":{"line":21,"column":3}},"line":16},"4":{"name":"(anonymous_4)","decl":{"start":{"line":23,"column":2},"end":{"line":23,"column":3}},"loc":{"start":{"line":23,"column":20},"end":{"line":27,"column":3}},"line":23},"5":{"name":"(anonymous_5)","decl":{"start":{"line":25,"column":55},"end":{"line":25,"column":56}},"loc":{"start":{"line":25,"column":65},"end":{"line":25,"column":97}},"line":25},"6":{"name":"(anonymous_6)","decl":{"start":{"line":29,"column":2},"end":{"line":29,"column":3}},"loc":{"start":{"line":29,"column":13},"end":{"line":32,"column":3}},"line":29},"7":{"name":"(anonymous_7)","decl":{"start":{"line":30,"column":41},"end":{"line":30,"column":42}},"loc":{"start":{"line":30,"column":53},"end":{"line":30,"column":69}},"line":30},"8":{"name":"(anonymous_8)","decl":{"start":{"line":34,"column":2},"end":{"line":34,"column":3}},"loc":{"start":{"line":34,"column":18},"end":{"line":53,"column":3}},"line":34},"9":{"name":"(anonymous_9)","decl":{"start":{"line":39,"column":37},"end":{"line":39,"column":38}},"loc":{"start":{"line":39,"column":46},"end":{"line":50,"column":5}},"line":39}},"branchMap":{"0":{"loc":{"start":{"line":12,"column":19},"end":{"line":12,"column":90}},"type":"cond-expr","locations":[{"start":{"line":12,"column":24},"end":{"line":12,"column":74}},{"start":{"line":12,"column":77},"end":{"line":12,"column":90}}],"line":12},"1":{"loc":{"start":{"line":19,"column":4},"end":{"line":19,"column":50}},"type":"if","locations":[{"start":{"line":19,"column":4},"end":{"line":19,"column":50}},{"start":{"line":19,"column":4},"end":{"line":19,"column":50}}],"line":19},"2":{"loc":{"start":{"line":25,"column":4},"end":{"line":25,"column":101}},"type":"if","locations":[{"start":{"line":25,"column":4},"end":{"line":25,"column":101}},{"start":{"line":25,"column":4},"end":{"line":25,"column":101}}],"line":25},"3":{"loc":{"start":{"line":25,"column":65},"end":{"line":25,"column":97}},"type":"cond-expr","locations":[{"start":{"line":25,"column":84},"end":{"line":25,"column":90}},{"start":{"line":25,"column":93},"end":{"line":25,"column":97}}],"line":25},"4":{"loc":{"start":{"line":40,"column":6},"end":{"line":49,"column":7}},"type":"if","locations":[{"start":{"line":40,"column":6},"end":{"line":49,"column":7}},{"start":{"line":40,"column":6},"end":{"line":49,"column":7}}],"line":40},"5":{"loc":{"start":{"line":41,"column":8},"end":{"line":45,"column":9}},"type":"if","locations":[{"start":{"line":41,"column":8},"end":{"line":45,"column":9}},{"start":{"line":41,"column":8},"end":{"line":45,"column":9}}],"line":41},"6":{"loc":{"start":{"line":52,"column":11},"end":{"line":52,"column":37}},"type":"cond-expr","locations":[{"start":{"line":52,"column":19},"end":{"line":52,"column":25}},{"start":{"line":52,"column":28},"end":{"line":52,"column":37}}],"line":52}},"s":{"0":1,"1":3,"2":1,"3":0,"4":1,"5":2,"6":2,"7":2,"8":2,"9":2,"10":0,"11":0,"12":0,"13":0,"14":0,"15":0,"16":0,"17":0,"18":3,"19":3,"20":3,"21":6,"22":6,"23":4,"24":2,"25":0,"26":3,"27":1},"f":{"0":3,"1":1,"2":0,"3":2,"4":0,"5":0,"6":0,"7":0,"8":3,"9":6},"b":{"0":[0,1],"1":[2,0],"2":[0,0],"3":[0,0],"4":[6,0],"5":[4,2],"6":[2,1]},"_coverageSchema":"43e27e138ebf9cfc5966b082cf9a028302ed4184","hash":"1d28c898fe489ae9e4c73c7e232493682ae4a72d"}
,"/mnt/c/Users/mackoy/codefellows/401n13/labs/lab-04-data-modeling/models/categories/categories.js": {"path":"/mnt/c/Users/mackoy/codefellows/401n13/labs/lab-04-data-modeling/models/categories/categories.js","statementMap":{"0":{"start":{"line":3,"column":18},"end":{"line":3,"column":41}},"1":{"start":{"line":7,"column":4},"end":{"line":7,"column":12}},"2":{"start":{"line":8,"column":4},"end":{"line":11,"column":6}},"3":{"start":{"line":15,"column":0},"end":{"line":15,"column":28}}},"fnMap":{"0":{"name":"(anonymous_0)","decl":{"start":{"line":6,"column":2},"end":{"line":6,"column":3}},"loc":{"start":{"line":6,"column":16},"end":{"line":12,"column":3}},"line":6}},"branchMap":{},"s":{"0":1,"1":3,"2":3,"3":1},"f":{"0":3},"b":{},"_coverageSchema":"43e27e138ebf9cfc5966b082cf9a028302ed4184","hash":"e17157d5acedb8c72858001680bc6a0fc2d5a886"}
}
