TN:
SF:/mnt/c/Users/mackoy/codefellows/401n13/labs/lab-04-data-modeling/models/memory.js
FN:7,(anonymous_0)
FN:11,(anonymous_1)
FN:12,(anonymous_2)
FN:16,(anonymous_3)
FN:23,(anonymous_4)
FN:25,(anonymous_5)
FN:29,(anonymous_6)
FN:30,(anonymous_7)
FN:34,(anonymous_8)
FN:39,(anonymous_9)
FNF:10
FNH:10
FNDA:6,(anonymous_0)
FNDA:3,(anonymous_1)
FNDA:1,(anonymous_2)
FNDA:4,(anonymous_3)
FNDA:1,(anonymous_4)
FNDA:1,(anonymous_5)
FNDA:1,(anonymous_6)
FNDA:1,(anonymous_7)
FNDA:7,(anonymous_8)
FNDA:16,(anonymous_9)
DA:3,2
DA:8,6
DA:12,3
DA:13,3
DA:17,4
DA:18,4
DA:19,4
DA:20,4
DA:24,1
DA:25,1
DA:26,1
DA:30,1
DA:31,1
DA:36,7
DA:37,7
DA:39,7
DA:40,16
DA:41,16
DA:42,10
DA:44,6
DA:48,0
DA:52,7
DA:57,2
LF:23
LH:22
BRDA:12,0,0,1
BRDA:12,0,1,2
BRDA:19,1,0,4
BRDA:19,1,1,0
BRDA:25,2,0,1
BRDA:25,2,1,0
BRDA:25,3,0,1
BRDA:25,3,1,0
BRDA:40,4,0,16
BRDA:40,4,1,0
BRDA:41,5,0,10
BRDA:41,5,1,6
BRDA:52,6,0,5
BRDA:52,6,1,2
BRF:14
BRH:10
end_of_record
TN:
SF:/mnt/c/Users/mackoy/codefellows/401n13/labs/lab-04-data-modeling/models/categories/categories.js
FN:6,(anonymous_0)
FNF:1
FNH:1
FNDA:5,(anonymous_0)
DA:3,1
DA:7,5
DA:8,5
DA:15,1
LF:4
LH:4
BRF:0
BRH:0
end_of_record
TN:
SF:/mnt/c/Users/mackoy/codefellows/401n13/labs/lab-04-data-modeling/models/products/products.js
FN:6,(anonymous_0)
FNF:1
FNH:1
FNDA:1,(anonymous_0)
DA:3,1
DA:7,1
DA:8,1
DA:17,1
LF:4
LH:4
BRF:0
BRH:0
end_of_record
