TN:
SF:/mnt/c/Users/mackoy/codefellows/401n13/labs/lab-04-data-modeling/models/memory.js
FN:7,(anonymous_0)
FN:11,(anonymous_1)
FN:12,(anonymous_2)
FN:16,(anonymous_3)
FN:23,(anonymous_4)
FN:25,(anonymous_5)
FN:29,(anonymous_6)
FN:30,(anonymous_7)
FN:34,(anonymous_8)
FN:39,(anonymous_9)
FNF:10
FNH:5
FNDA:3,(anonymous_0)
FNDA:1,(anonymous_1)
FNDA:0,(anonymous_2)
FNDA:2,(anonymous_3)
FNDA:0,(anonymous_4)
FNDA:0,(anonymous_5)
FNDA:0,(anonymous_6)
FNDA:0,(anonymous_7)
FNDA:3,(anonymous_8)
FNDA:6,(anonymous_9)
DA:3,1
DA:8,3
DA:12,1
DA:13,1
DA:17,2
DA:18,2
DA:19,2
DA:20,2
DA:24,0
DA:25,0
DA:26,0
DA:30,0
DA:31,0
DA:36,3
DA:37,3
DA:39,3
DA:40,6
DA:41,6
DA:42,4
DA:44,2
DA:48,0
DA:52,3
DA:57,1
LF:23
LH:17
BRDA:12,0,0,0
BRDA:12,0,1,1
BRDA:19,1,0,2
BRDA:19,1,1,0
BRDA:25,2,0,0
BRDA:25,2,1,0
BRDA:25,3,0,0
BRDA:25,3,1,0
BRDA:40,4,0,6
BRDA:40,4,1,0
BRDA:41,5,0,4
BRDA:41,5,1,2
BRDA:52,6,0,2
BRDA:52,6,1,1
BRF:14
BRH:7
end_of_record
TN:
SF:/mnt/c/Users/mackoy/codefellows/401n13/labs/lab-04-data-modeling/models/categories/categories.js
FN:6,(anonymous_0)
FNF:1
FNH:1
FNDA:3,(anonymous_0)
DA:3,1
DA:7,3
DA:8,3
DA:15,1
LF:4
LH:4
BRF:0
BRH:0
end_of_record
